<?xml version="1.0" encoding="UTF-8"?>
<!-- Generated by org.testng.reporters.JUnitReportReporter -->
<testsuite skipped="0" hostname="OLDWSC5WQH" name="qaclick.mavanJava.seleniumTest" tests="1" failures="0" timestamp="2020-08-25T11:17:45 IST" time="0.009" errors="0">
  <testcase name="elementsUi" time="0.009" classname="qaclick.mavanJava.seleniumTest"/>
  <system-out/>
</testsuite> <!-- qaclick.mavanJava.seleniumTest -->
