<?xml version="1.0" encoding="UTF-8"?>
<!-- Generated by org.testng.reporters.JUnitReportReporter -->
<testsuite skipped="0" hostname="OLDWSC5WQH" name="qaclick.mavanJava.seleniumTest" tests="2" failures="0" timestamp="09 Sep 2020 11:54:29 GMT" time="0.001" errors="0">
  <testcase name="BrowserAuto" time="0.000" classname="qaclick.mavanJava.seleniumTest"/>
  <testcase name="elementsUi" time="0.001" classname="qaclick.mavanJava.seleniumTest"/>
</testsuite> <!-- qaclick.mavanJava.seleniumTest -->
