<?xml version="1.0" encoding="UTF-8"?>
<!-- Generated by org.testng.reporters.JUnitReportReporter -->
<testsuite skipped="0" hostname="OLDWSC5WQH" name="qaclick.mavanJava.appiumTest" tests="2" failures="0" timestamp="09 Sep 2020 11:54:29 GMT" time="0.001" errors="0">
  <testcase name="NativeAndroid" time="0.000" classname="qaclick.mavanJava.appiumTest"/>
  <testcase name="IOSApp" time="0.001" classname="qaclick.mavanJava.appiumTest"/>
</testsuite> <!-- qaclick.mavanJava.appiumTest -->
