<?xml version="1.0" encoding="UTF-8"?>
<!-- Generated by org.testng.reporters.JUnitReportReporter -->
<testsuite skipped="0" hostname="OLDWSC5WQH" name="qaclick.mavanJava.apiTest" tests="2" failures="0" timestamp="09 Sep 2020 11:54:29 GMT" time="0.009" errors="0">
  <testcase name="deleteTwitter" time="0.009" classname="qaclick.mavanJava.apiTest"/>
  <testcase name="postJira" time="0.000" classname="qaclick.mavanJava.apiTest"/>
</testsuite> <!-- qaclick.mavanJava.apiTest -->
